<?xml version="1.0" encoding="UTF-8"?>
<!-- Generated by org.testng.reporters.JUnitXMLReporter -->
<testsuite ignored="3" hostname="DESKTOP-IHSJ2SN" failures="0" tests="3" name="Default test" time="5.015" errors="0" timestamp="2025-01-03T22:10:43 EET">
  <testcase classname="test9.TestPunisher" name="login" time="1.066"/>
  <testcase classname="test9.TestPunisher" name="addrandomitem" time="0.295"/>
  <testcase classname="test9.TestPunisher" name="CheckoutProcess" time="1.368"/>
  <testcase classname="test9.TestPunisher" name="Additemsthestartwithsauce" time="0.0">
    <ignored/>
  </testcase> <!-- Additemsthestartwithsauce -->
  <testcase classname="test9.TestPunisher" name="AddToCartItem" time="0.0">
    <ignored/>
  </testcase> <!-- AddToCartItem -->
  <testcase classname="test9.TestPunisher" name="Addcertainnumberofitems" time="0.0">
    <ignored/>
  </testcase> <!-- Addcertainnumberofitems -->
</testsuite> <!-- Default test -->
