<?xml version="1.0" encoding="UTF-8"?>
<testng-results ignored="3" total="6" passed="3" failed="0" skipped="0">
  <reporter-output>
  </reporter-output>
  <suite started-at="2025-01-03T22:10:38 EET" name="Default suite" finished-at="2025-01-03T22:10:43 EET" duration-ms="5015">
    <groups>
    </groups>
    <test started-at="2025-01-03T22:10:38 EET" name="Default test" finished-at="2025-01-03T22:10:43 EET" duration-ms="5015">
      <class name="test9.TestPunisher">
        <test-method is-config="true" signature="mySetub()[pri:0, instance:test9.TestPunisher@5d9b7a8a]" started-at="2025-01-03T22:10:38 EET" name="mySetub" finished-at="2025-01-03T22:10:40 EET" duration-ms="2167" status="PASS">
          <reporter-output>
          </reporter-output>
        </test-method> <!-- mySetub -->
        <test-method signature="login()[pri:1, instance:test9.TestPunisher@5d9b7a8a]" started-at="2025-01-03T22:10:40 EET" name="login" finished-at="2025-01-03T22:10:41 EET" duration-ms="1066" status="PASS">
          <reporter-output>
          </reporter-output>
        </test-method> <!-- login -->
        <test-method signature="addrandomitem()[pri:5, instance:test9.TestPunisher@5d9b7a8a]" started-at="2025-01-03T22:10:41 EET" name="addrandomitem" finished-at="2025-01-03T22:10:41 EET" duration-ms="295" status="PASS">
          <reporter-output>
          </reporter-output>
        </test-method> <!-- addrandomitem -->
        <test-method signature="CheckoutProcess()[pri:6, instance:test9.TestPunisher@5d9b7a8a]" started-at="2025-01-03T22:10:41 EET" name="CheckoutProcess" finished-at="2025-01-03T22:10:43 EET" duration-ms="1368" status="PASS">
          <reporter-output>
          </reporter-output>
        </test-method> <!-- CheckoutProcess -->
        <test-method is-config="true" signature="AfterTheTest()[pri:0, instance:test9.TestPunisher@5d9b7a8a]" started-at="2025-01-03T22:10:43 EET" name="AfterTheTest" finished-at="2025-01-03T22:10:43 EET" duration-ms="1" status="PASS">
          <reporter-output>
          </reporter-output>
        </test-method> <!-- AfterTheTest -->
      </class> <!-- test9.TestPunisher -->
    </test> <!-- Default test -->
  </suite> <!-- Default suite -->
</testng-results>
